# JRE version: OpenJDK Runtime Environment (8.0_152-b02) (build 1.8.0_152-release-1024-b02)
# Java VM: OpenJDK 64-Bit Server VM (25.152-b02 mixed mode windows-amd64 compressed oops)
Heap:
 PSYoungGen      total 195584K, used 152766K [0x00000000e0000000, 0x00000000ed980000, 0x0000000100000000)
  eden space 181248K, 76% used [0x00000000e0000000,0x00000000e8730520,0x00000000eb100000)
  from space 14336K, 99% used [0x00000000ec400000,0x00000000ed1ff378,0x00000000ed200000)
  to   space 19456K, 0% used [0x00000000eb100000,0x00000000eb100000,0x00000000ec400000)
 ParOldGen       total 61952K, used 25387K [0x00000000a0000000, 0x00000000a3c80000, 0x00000000e0000000)
  object space 61952K, 40% used [0x00000000a0000000,0x00000000a18caeb8,0x00000000a3c80000)
 Metaspace       used 56259K, capacity 58808K, committed 59028K, reserved 1099776K
  class space    used 7510K, capacity 8111K, committed 8192K, reserved 1048576K
GC Heap History (10 events):
Event: 7.557 GC heap before
{Heap before GC invocations=8 (full 1):
 PSYoungGen      total 73728K, used 68488K [0x00000000e0000000, 0x00000000e5400000, 0x0000000100000000)
  eden space 64512K, 100% used [0x00000000e0000000,0x00000000e3f00000,0x00000000e3f00000)
  from space 9216K, 43% used [0x00000000e4b00000,0x00000000e4ee23a8,0x00000000e5400000)
  to   space 10752K, 0% used [0x00000000e3f00000,0x00000000e3f00000,0x00000000e4980000)
 ParOldGen       total 46592K, used 6724K [0x00000000a0000000, 0x00000000a2d80000, 0x00000000e0000000)
  object space 46592K, 14% used [0x00000000a0000000,0x00000000a06911e0,0x00000000a2d80000)
 Metaspace       used 27997K, capacity 28348K, committed 28416K, reserved 1073152K
  class space    used 3878K, capacity 4032K, committed 4096K, reserved 1048576K
Event: 7.563 GC heap after
Heap after GC invocations=8 (full 1):
 PSYoungGen      total 75264K, used 7599K [0x00000000e0000000, 0x00000000e9100000, 0x0000000100000000)
  eden space 64512K, 0% used [0x00000000e0000000,0x00000000e0000000,0x00000000e3f00000)
  from space 10752K, 70% used [0x00000000e3f00000,0x00000000e466bfa0,0x00000000e4980000)
  to   space 11264K, 0% used [0x00000000e8600000,0x00000000e8600000,0x00000000e9100000)
 ParOldGen       total 46592K, used 6732K [0x00000000a0000000, 0x00000000a2d80000, 0x00000000e0000000)
  object space 46592K, 14% used [0x00000000a0000000,0x00000000a06931e0,0x00000000a2d80000)
 Metaspace       used 27997K, capacity 28348K, committed 28416K, reserved 1073152K
  class space    used 3878K, capacity 4032K, committed 4096K, reserved 1048576K
}
Event: 10.354 GC heap before
{Heap before GC invocations=9 (full 1):
 PSYoungGen      total 75264K, used 66970K [0x00000000e0000000, 0x00000000e9100000, 0x0000000100000000)
  eden space 64512K, 92% used [0x00000000e0000000,0x00000000e39faa28,0x00000000e3f00000)
  from space 10752K, 70% used [0x00000000e3f00000,0x00000000e466bfa0,0x00000000e4980000)
  to   space 11264K, 0% used [0x00000000e8600000,0x00000000e8600000,0x00000000e9100000)
 ParOldGen       total 46592K, used 6732K [0x00000000a0000000, 0x00000000a2d80000, 0x00000000e0000000)
  object space 46592K, 14% used [0x00000000a0000000,0x00000000a06931e0,0x00000000a2d80000)
 Metaspace       used 34833K, capacity 35412K, committed 35416K, reserved 1079296K
  class space    used 4765K, capacity 4989K, committed 4992K, reserved 1048576K
Event: 10.362 GC heap after
Heap after GC invocations=9 (full 1):
 PSYoungGen      total 135680K, used 11177K [0x00000000e0000000, 0x00000000e9300000, 0x0000000100000000)
  eden space 124416K, 0% used [0x00000000e0000000,0x00000000e0000000,0x00000000e7980000)
  from space 11264K, 99% used [0x00000000e8600000,0x00000000e90ea730,0x00000000e9100000)
  to   space 12800K, 0% used [0x00000000e7980000,0x00000000e7980000,0x00000000e8600000)
 ParOldGen       total 46592K, used 6740K [0x00000000a0000000, 0x00000000a2d80000, 0x00000000e0000000)
  object space 46592K, 14% used [0x00000000a0000000,0x00000000a06951e0,0x00000000a2d80000)
 Metaspace       used 34833K, capacity 35412K, committed 35416K, reserved 1079296K
  class space    used 4765K, capacity 4989K, committed 4992K, reserved 1048576K
}
Event: 10.362 GC heap before
{Heap before GC invocations=10 (full 2):
 PSYoungGen      total 135680K, used 11177K [0x00000000e0000000, 0x00000000e9300000, 0x0000000100000000)
  eden space 124416K, 0% used [0x00000000e0000000,0x00000000e0000000,0x00000000e7980000)
  from space 11264K, 99% used [0x00000000e8600000,0x00000000e90ea730,0x00000000e9100000)
  to   space 12800K, 0% used [0x00000000e7980000,0x00000000e7980000,0x00000000e8600000)
 ParOldGen       total 46592K, used 6740K [0x00000000a0000000, 0x00000000a2d80000, 0x00000000e0000000)
  object space 46592K, 14% used [0x00000000a0000000,0x00000000a06951e0,0x00000000a2d80000)
 Metaspace       used 34833K, capacity 35412K, committed 35416K, reserved 1079296K
  class space    used 4765K, capacity 4989K, committed 4992K, reserved 1048576K
Event: 10.440 GC heap after
Heap after GC invocations=10 (full 2):
 PSYoungGen      total 135680K, used 0K [0x00000000e0000000, 0x00000000e9300000, 0x0000000100000000)
  eden space 124416K, 0% used [0x00000000e0000000,0x00000000e0000000,0x00000000e7980000)
  from space 11264K, 0% used [0x00000000e8600000,0x00000000e8600000,0x00000000e9100000)
  to   space 12800K, 0% used [0x00000000e7980000,0x00000000e7980000,0x00000000e8600000)
 ParOldGen       total 61952K, used 17438K [0x00000000a0000000, 0x00000000a3c80000, 0x00000000e0000000)
  object space 61952K, 28% used [0x00000000a0000000,0x00000000a11078a0,0x00000000a3c80000)
 Metaspace       used 34833K, capacity 35412K, committed 35416K, reserved 1079296K
  class space    used 4765K, capacity 4989K, committed 4992K, reserved 1048576K
}
Event: 12.948 GC heap before
{Heap before GC invocations=11 (full 2):
 PSYoungGen      total 135680K, used 124416K [0x00000000e0000000, 0x00000000e9300000, 0x0000000100000000)
  eden space 124416K, 100% used [0x00000000e0000000,0x00000000e7980000,0x00000000e7980000)
  from space 11264K, 0% used [0x00000000e8600000,0x00000000e8600000,0x00000000e9100000)
  to   space 12800K, 0% used [0x00000000e7980000,0x00000000e7980000,0x00000000e8600000)
 ParOldGen       total 61952K, used 17438K [0x00000000a0000000, 0x00000000a3c80000, 0x00000000e0000000)
  object space 61952K, 28% used [0x00000000a0000000,0x00000000a11078a0,0x00000000a3c80000)
 Metaspace       used 39725K, capacity 40654K, committed 40792K, reserved 1085440K
  class space    used 5418K, capacity 5742K, committed 5760K, reserved 1048576K
Event: 12.961 GC heap after
Heap after GC invocations=11 (full 2):
 PSYoungGen      total 137216K, used 12773K [0x00000000e0000000, 0x00000000ed200000, 0x0000000100000000)
  eden space 124416K, 0% used [0x00000000e0000000,0x00000000e0000000,0x00000000e7980000)
  from space 12800K, 99% used [0x00000000e7980000,0x00000000e85f97e8,0x00000000e8600000)
  to   space 14336K, 0% used [0x00000000ec400000,0x00000000ec400000,0x00000000ed200000)
 ParOldGen       total 61952K, used 17478K [0x00000000a0000000, 0x00000000a3c80000, 0x00000000e0000000)
  object space 61952K, 28% used [0x00000000a0000000,0x00000000a11118a0,0x00000000a3c80000)
 Metaspace       used 39725K, capacity 40654K, committed 40792K, reserved 1085440K
  class space    used 5418K, capacity 5742K, committed 5760K, reserved 1048576K
}
Event: 14.903 GC heap before
{Heap before GC invocations=12 (full 2):
 PSYoungGen      total 137216K, used 137189K [0x00000000e0000000, 0x00000000ed200000, 0x0000000100000000)
  eden space 124416K, 100% used [0x00000000e0000000,0x00000000e7980000,0x00000000e7980000)
  from space 12800K, 99% used [0x00000000e7980000,0x00000000e85f97e8,0x00000000e8600000)
  to   space 14336K, 0% used [0x00000000ec400000,0x00000000ec400000,0x00000000ed200000)
 ParOldGen       total 61952K, used 17478K [0x00000000a0000000, 0x00000000a3c80000, 0x00000000e0000000)
  object space 61952K, 28% used [0x00000000a0000000,0x00000000a11118a0,0x00000000a3c80000)
 Metaspace       used 50253K, capacity 51996K, committed 52184K, reserved 1093632K
  class space    used 6858K, capacity 7336K, committed 7424K, reserved 1048576K
Event: 14.925 GC heap after
Heap after GC invocations=12 (full 2):
 PSYoungGen      total 195584K, used 14332K [0x00000000e0000000, 0x00000000ed980000, 0x0000000100000000)
  eden space 181248K, 0% used [0x00000000e0000000,0x00000000e0000000,0x00000000eb100000)
  from space 14336K, 99% used [0x00000000ec400000,0x00000000ed1ff378,0x00000000ed200000)
  to   space 19456K, 0% used [0x00000000eb100000,0x00000000eb100000,0x00000000ec400000)
 ParOldGen       total 61952K, used 25387K [0x00000000a0000000, 0x00000000a3c80000, 0x00000000e0000000)
  object space 61952K, 40% used [0x00000000a0000000,0x00000000a18caeb8,0x00000000a3c80000)
 Metaspace       used 50253K, capacity 51996K, committed 52184K, reserved 1093632K
  class space    used 6858K, capacity 7336K, committed 7424K, reserved 1048576K
}

